<?xml version="1.0" encoding="UTF-8"?>
<!-- Generated by org.testng.reporters.JUnitReportReporter -->
<testsuite hostname="biz4sol-04" failures="0" tests="2" name="testng.Parallel" time="34.320" errors="0" timestamp="2022-03-04T18:03:54 IST" skipped="0">
  <testcase classname="testng.Parallel" name="f" time="23.826"/>
  <system-out>
    <![CDATA[https://www.facebook.com/login/?next=https%3A%2F%2Fwww.facebook.com%2Fpages%2Fcreate%2F%3Fref_type%3Dregistration_form
Log in to Facebook]]>
  </system-out>
  <testcase classname="testng.Parallel" name="f" time="10.494"/>
  <system-out>
    <![CDATA[https://www.facebook.com/login/?next=https%3A%2F%2Fwww.facebook.com%2Fpages%2Fcreate%2F%3Fref_type%3Dregistration_form
Log in to Facebook]]>
  </system-out>
</testsuite> <!-- testng.Parallel -->
